2024-02-09 06:35:44 | Error   |       | Uncaught MySQLException: Could not connect to the DB server: mysql_errno = , mysql_error =  in C:\xampp\htdocs\web\application\startup.inc.php:107
 | IssueLog |||
array (
  'type' => 1,
  'file' => 'C:\\xampp\\htdocs\\web\\application\\startup.inc.php',
  'line' => 107,
)
2024-02-09 06:35:58 | Error   |       | Uncaught MySQLException: Could not connect to the DB server: mysql_errno = , mysql_error =  in C:\xampp\htdocs\web\application\startup.inc.php:107
 | IssueLog |||
array (
  'type' => 1,
  'file' => 'C:\\xampp\\htdocs\\web\\application\\startup.inc.php',
  'line' => 107,
)
2024-02-10 06:20:19 | Error   |       | Uncaught MySQLException: Could not connect to the DB server: mysql_errno = , mysql_error =  in C:\xampp\htdocs\web\application\startup.inc.php:107
 | IssueLog |||
array (
  'type' => 1,
  'file' => 'C:\\xampp\\htdocs\\web\\application\\startup.inc.php',
  'line' => 107,
)
2024-02-10 06:56:09 | Error   |       | Uncaught MySQLException: Could not connect to the DB server: mysql_errno = , mysql_error =  in C:\xampp\htdocs\web\application\startup.inc.php:107
 | IssueLog |||
array (
  'type' => 1,
  'file' => 'C:\\xampp\\htdocs\\web\\application\\startup.inc.php',
  'line' => 107,
)
2024-02-10 06:56:53 | Error   |       | Uncaught MySQLException: Could not connect to the DB server: mysql_errno = , mysql_error =  in C:\xampp\htdocs\web\application\startup.inc.php:107
 | IssueLog |||
array (
  'type' => 1,
  'file' => 'C:\\xampp\\htdocs\\web\\application\\startup.inc.php',
  'line' => 107,
)
2024-02-10 06:58:05 | Error   |       | Uncaught MySQLException: Could not connect to the DB server: mysql_errno = , mysql_error =  in C:\xampp\htdocs\web\application\startup.inc.php:107
 | IssueLog |||
array (
  'type' => 1,
  'file' => 'C:\\xampp\\htdocs\\web\\application\\startup.inc.php',
  'line' => 107,
)
2024-02-10 06:58:08 | Error   |       | Uncaught MySQLException: Could not connect to the DB server: mysql_errno = , mysql_error =  in C:\xampp\htdocs\web\application\startup.inc.php:107
 | IssueLog |||
array (
  'type' => 1,
  'file' => 'C:\\xampp\\htdocs\\web\\application\\startup.inc.php',
  'line' => 107,
)
2024-02-10 06:59:00 | Error   |       | Uncaught MySQLException: Could not connect to the DB server: mysql_errno = , mysql_error =  in C:\xampp\htdocs\web\application\startup.inc.php:107
 | IssueLog |||
array (
  'type' => 1,
  'file' => 'C:\\xampp\\htdocs\\web\\application\\startup.inc.php',
  'line' => 107,
)
2024-02-10 06:59:03 | Error   |       | Uncaught MySQLException: Could not connect to the DB server: mysql_errno = , mysql_error =  in C:\xampp\htdocs\web\application\startup.inc.php:107
 | IssueLog |||
array (
  'type' => 1,
  'file' => 'C:\\xampp\\htdocs\\web\\application\\startup.inc.php',
  'line' => 107,
)
2024-02-10 07:00:00 | Error   |       | Uncaught MySQLException: Could not connect to the DB server: mysql_errno = , mysql_error =  in C:\xampp\htdocs\web\application\startup.inc.php:107
 | IssueLog |||
array (
  'type' => 1,
  'file' => 'C:\\xampp\\htdocs\\web\\application\\startup.inc.php',
  'line' => 107,
)
2024-02-10 07:01:42 | Error   |       | Uncaught MySQLException: Could not connect to the DB server: mysql_errno = , mysql_error =  in C:\xampp\htdocs\web\application\startup.inc.php:107
 | IssueLog |||
array (
  'type' => 1,
  'file' => 'C:\\xampp\\htdocs\\web\\application\\startup.inc.php',
  'line' => 107,
)
2024-02-10 07:02:01 | Error   |       | Uncaught MySQLException: Could not connect to the DB server: mysql_errno = , mysql_error =  in C:\xampp\htdocs\web\application\startup.inc.php:107
 | IssueLog |||
array (
  'type' => 1,
  'file' => 'C:\\xampp\\htdocs\\web\\application\\startup.inc.php',
  'line' => 107,
)
2024-02-10 07:02:03 | Error   |       | Uncaught MySQLException: Could not connect to the DB server: mysql_errno = , mysql_error =  in C:\xampp\htdocs\web\application\startup.inc.php:107
 | IssueLog |||
array (
  'type' => 1,
  'file' => 'C:\\xampp\\htdocs\\web\\application\\startup.inc.php',
  'line' => 107,
)
2024-02-10 07:05:48 | Error   |       | Uncaught MySQLException: Could not connect to the DB server: mysql_errno = , mysql_error =  in C:\xampp\htdocs\web\application\startup.inc.php:107
 | IssueLog |||
array (
  'type' => 1,
  'file' => 'C:\\xampp\\htdocs\\web\\application\\startup.inc.php',
  'line' => 107,
)
2024-02-10 07:05:50 | Error   |       | Uncaught MySQLException: Could not connect to the DB server: mysql_errno = , mysql_error =  in C:\xampp\htdocs\web\application\startup.inc.php:107
 | IssueLog |||
array (
  'type' => 1,
  'file' => 'C:\\xampp\\htdocs\\web\\application\\startup.inc.php',
  'line' => 107,
)
2024-02-10 07:06:52 | Error   |       | Uncaught MySQLException: Could not connect to the DB server: mysql_errno = , mysql_error =  in C:\xampp\htdocs\web\application\startup.inc.php:107
 | IssueLog |||
array (
  'type' => 1,
  'file' => 'C:\\xampp\\htdocs\\web\\application\\startup.inc.php',
  'line' => 107,
)
2024-02-10 07:07:51 | Error   |       | Uncaught MySQLException: Could not connect to the DB server: mysql_errno = , mysql_error =  in C:\xampp\htdocs\web\application\startup.inc.php:107
 | IssueLog |||
array (
  'type' => 1,
  'file' => 'C:\\xampp\\htdocs\\web\\application\\startup.inc.php',
  'line' => 107,
)
